Visualizer started.
Watch mode enabled. Waiting for state.json changes...
Board rendered and saved to scraped_boards/board5.png
Board rendered and saved to scraped_boards/board7.png
Board rendered and saved to scraped_boards/board8.png
Board rendered and saved to scraped_boards/board10.png
Board rendered and saved to scraped_boards/board13.png
Traceback (most recent call last):
  File "/home/skrs1/2aa4-Assignment-1/../2aa4-2026-base/assignments/visualize/light_visualizer.py", line 285, in <module>
    visualize_board_from_json(base_map_path,state_path)
  File "/home/skrs1/2aa4-Assignment-1/../2aa4-2026-base/assignments/visualize/light_visualizer.py", line 259, in visualize_board_from_json
    visualizer.load_state_json(state_json_path)
  File "/home/skrs1/2aa4-Assignment-1/../2aa4-2026-base/assignments/visualize/light_visualizer.py", line 47, in load_state_json
    self.state_data = json.load(f)
                      ^^^^^^^^^^^^
  File "/usr/lib/python3.12/json/__init__.py", line 293, in load
    return loads(fp.read(),
           ^^^^^^^^^^^^^^^^
  File "/usr/lib/python3.12/json/__init__.py", line 346, in loads
    return _default_decoder.decode(s)
           ^^^^^^^^^^^^^^^^^^^^^^^^^^
  File "/usr/lib/python3.12/json/decoder.py", line 337, in decode
    obj, end = self.raw_decode(s, idx=_w(s, 0).end())
               ^^^^^^^^^^^^^^^^^^^^^^^^^^^^^^^^^^^^^^
  File "/usr/lib/python3.12/json/decoder.py", line 355, in raw_decode
    raise JSONDecodeError("Expecting value", s, err.value) from None
json.decoder.JSONDecodeError: Expecting value: line 1 column 1 (char 0)
